Using pre-set license

 COMMAND LINE ARGUMENTS:
/Applications/2020.3.3f1/Unity.app/Contents/MacOS/Unity
-adb2
-batchMode
-noUpm
-name
AssetImportWorker0
-projectPath
/Users/juanmanuelsala/Desktop/JuegosSeleccionados/memotec_vd3-master
-logFile
Logs/AssetImportWorker0.log
-srvPort
52298
Successfully changed project path to: /Users/juanmanuelsala/Desktop/JuegosSeleccionados/memotec_vd3-master
/Users/juanmanuelsala/Desktop/JuegosSeleccionados/memotec_vd3-master
Using Asset Import Pipeline V2.
Refreshing native plugins compatible for Editor in 40.75 ms, found 1 plugins.
Preloading 0 native plugins for Editor in 0.00 ms.
Initialize engine version: 2020.3.3f1 (76626098c1c4)
[Subsystems] Discovering subsystems at path /Applications/2020.3.3f1/Unity.app/Contents/Resources/UnitySubsystems
[Subsystems] Discovering subsystems at path /Users/juanmanuelsala/Desktop/JuegosSeleccionados/memotec_vd3-master/Assets
GfxDevice: creating device client; threaded=0
2022-10-26 17:23:46.448 Unity[19440:11425279] Color LCD preferred device: Intel(R) Iris(TM) Plus Graphics 655 (low power)
2022-10-26 17:23:46.448 Unity[19440:11425279] Metal devices available: 1
2022-10-26 17:23:46.448 Unity[19440:11425279] 0: Intel(R) Iris(TM) Plus Graphics 655 (low power)
2022-10-26 17:23:46.448 Unity[19440:11425279] Using device Intel(R) Iris(TM) Plus Graphics 655 (low power)
Initializing Metal device caps: Intel(R) Iris(TM) Plus Graphics 655
Initialize mono
Mono path[0] = '/Applications/2020.3.3f1/Unity.app/Contents/Managed'
Mono path[1] = '/Applications/2020.3.3f1/Unity.app/Contents/MonoBleedingEdge/lib/mono/unityjit'
Mono config path = '/Applications/2020.3.3f1/Unity.app/Contents/MonoBleedingEdge/etc'
Using monoOptions --debugger-agent=transport=dt_socket,embedding=1,server=y,suspend=n,address=127.0.0.1:56440
Begin MonoManager ReloadAssembly
Registering precompiled unity dll's ...
Register platform support module: /Applications/2020.3.3f1/Unity.app/Contents/PlaybackEngines/MacStandaloneSupport/UnityEditor.OSXStandalone.Extensions.dll
Registered in 0.002244 seconds.
Native extension for OSXStandalone target not found
Refreshing native plugins compatible for Editor in 35.10 ms, found 1 plugins.
Preloading 0 native plugins for Editor in 0.00 ms.
Invoked RoslynAnalysisRunner static constructor.
RoslynAnalysisRunner will not be running.
RoslynAnalysisRunner has terminated.
Mono: successfully reloaded assembly
- Completed reload, in  2.019 seconds
Platform modules already initialized, skipping
Registering precompiled user dll's ...
Registered in 0.001190 seconds.
Begin MonoManager ReloadAssembly
Native extension for OSXStandalone target not found
Refreshing native plugins compatible for Editor in 0.27 ms, found 1 plugins.
Preloading 0 native plugins for Editor in 0.00 ms.
Invoked RoslynAnalysisRunner static constructor.
RoslynAnalysisRunner will not be running.
RoslynAnalysisRunner has terminated.
Mono: successfully reloaded assembly
- Completed reload, in  1.063 seconds
Platform modules already initialized, skipping
========================================================================
Worker process is ready to serve import requests
Launching external process: /Applications/2020.3.3f1/Unity.app/Contents/Tools/UnityShaderCompiler
Launched and connected shader compiler UnityShaderCompiler after 0.02 seconds
Refreshing native plugins compatible for Editor in 0.26 ms, found 1 plugins.
Preloading 0 native plugins for Editor in 0.00 ms.
Unloading 1126 Unused Serialized files (Serialized files now loaded: 0)
System memory in use before: 110.4 MB.
System memory in use after: 110.4 MB.

Unloading 9 unused Assets to reduce memory usage. Loaded Objects now: 1570.
Total: 2.281359 ms (FindLiveObjects: 0.180664 ms CreateObjectMapping: 0.044770 ms MarkObjects: 1.971377 ms  DeleteObjects: 0.082910 ms)

========================================================================
Received Import Request.
  path: Assets/2.unity
  artifactKey: Guid(35947cbfcc70adb4783265f085008b81) Importer(815301076,1909f56bfc062723c751e8b465ee728b)
Start importing Assets/2.unity using Guid(35947cbfcc70adb4783265f085008b81) Importer(815301076,1909f56bfc062723c751e8b465ee728b)  -> (artifact id: 'fb0796dde63439b43c0e87d91ba808c0') in 0.017861 seconds
  Import took 0.020815 seconds .

========================================================================
Received Import Request.
  Time since last request: 2.527833 seconds.
  path: Assets/2.unity
  artifactKey: Guid(35947cbfcc70adb4783265f085008b81) Importer(815301076,1909f56bfc062723c751e8b465ee728b)
Start importing Assets/2.unity using Guid(35947cbfcc70adb4783265f085008b81) Importer(815301076,1909f56bfc062723c751e8b465ee728b)  -> (artifact id: 'fb0796dde63439b43c0e87d91ba808c0') in 0.001486 seconds
  Import took 0.003859 seconds .

========================================================================
Received Prepare
Registering precompiled user dll's ...
Registered in 0.001014 seconds.
Begin MonoManager ReloadAssembly
Native extension for OSXStandalone target not found
Refreshing native plugins compatible for Editor in 0.25 ms, found 1 plugins.
Preloading 0 native plugins for Editor in 0.00 ms.
Invoked RoslynAnalysisRunner static constructor.
RoslynAnalysisRunner will not be running.
RoslynAnalysisRunner has terminated.
Mono: successfully reloaded assembly
- Completed reload, in  0.983 seconds
Platform modules already initialized, skipping
Refreshing native plugins compatible for Editor in 0.25 ms, found 1 plugins.
Preloading 0 native plugins for Editor in 0.00 ms.
Unloading 1120 Unused Serialized files (Serialized files now loaded: 0)
System memory in use before: 110.3 MB.
System memory in use after: 110.4 MB.

Unloading 4 unused Assets to reduce memory usage. Loaded Objects now: 1573.
Total: 1.711683 ms (FindLiveObjects: 0.171307 ms CreateObjectMapping: 0.037011 ms MarkObjects: 1.482103 ms  DeleteObjects: 0.020083 ms)

AssetImportWorkerClient::OnTransportError - code=2 error=End of file
